number,value,datetime_start,datetime_complete,duration,params_colsample_bytree,params_learning_rate,params_max_depth,params_min_child_samples,params_min_data_per_groups,params_num_leaves,params_reg_alpha,params_reg_lambda,params_subsample,state
0,0.944795543302313,2024-02-18 18:00:58.824149,2024-02-18 18:04:39.118412,0 days 00:03:40.294263,0.5,0.02,20,235,83,828,0.0012589500240976711,0.01921399974646431,1.0,COMPLETE
1,0.951810547580489,2024-02-18 18:04:39.120150,2024-02-18 18:07:42.453142,0 days 00:03:03.332992,0.8,0.017,20,289,8,226,0.019308188037598584,6.140034108805088,0.8,COMPLETE
2,0.9420325964234061,2024-02-18 18:07:42.454182,2024-02-18 18:10:33.130017,0 days 00:02:50.675835,0.7,0.02,10,261,27,216,3.2503827748610346,0.004752444374364695,0.4,COMPLETE
3,1.0007153638173059,2024-02-18 18:10:33.131960,2024-02-18 18:24:15.309539,0 days 00:13:42.177579,0.3,0.006,20,271,32,196,0.06382700683707862,0.8903256009821333,0.5,COMPLETE
4,0.9907966222358737,2024-02-18 18:24:15.310601,2024-02-18 18:39:16.093824,0 days 00:15:00.783223,0.3,0.008,100,153,13,544,6.646289684483956,0.1836999419577449,0.8,COMPLETE
5,0.9964593224893901,2024-02-18 18:39:16.095394,2024-02-18 18:48:46.750622,0 days 00:09:30.655228,0.3,0.01,20,153,49,331,0.9359359228146168,0.016052000500771046,1.0,COMPLETE
6,0.8910503824504638,2024-02-18 18:48:46.751822,2024-02-18 18:55:19.729092,0 days 00:06:32.977270,0.8,0.006,10,33,67,542,0.04379882944485428,0.024561642810262914,1.0,COMPLETE
7,0.9041466620977425,2024-02-18 18:55:19.730393,2024-02-18 18:58:52.234576,0 days 00:03:32.504183,0.9,0.01,100,140,29,824,0.0018513663558867755,0.031450216390705096,0.8,COMPLETE
8,0.919729582377983,2024-02-18 18:58:52.235765,2024-02-18 19:04:07.652585,0 days 00:05:15.416820,0.4,0.01,10,60,54,750,0.0334367507555372,0.13925163114992037,0.8,COMPLETE
9,0.9543939098602828,2024-02-18 19:04:07.653743,2024-02-18 19:09:00.029406,0 days 00:04:52.375663,0.4,0.014,100,266,87,825,1.275032365668256,1.4835918593534017,0.8,COMPLETE
10,0.9176596175074903,2024-02-18 19:09:00.030570,2024-02-18 19:20:12.736815,0 days 00:11:12.706245,0.6,0.006,10,18,99,450,0.27498316905005915,0.001037547669931597,0.6,COMPLETE
11,0.8958053916039489,2024-02-18 19:20:12.738450,2024-02-18 19:24:02.399072,0 days 00:03:49.660622,0.9,0.01,100,82,62,966,0.0015061742311658869,0.02789895539689286,0.7,COMPLETE
12,0.8962337304631329,2024-02-18 19:24:02.400121,2024-02-18 19:30:12.811342,0 days 00:06:10.411221,0.9,0.006,100,78,65,997,0.0067413104103595965,0.003911285283615581,0.7,COMPLETE
13,0.8944968980672802,2024-02-18 19:30:12.812381,2024-02-18 19:32:28.532368,0 days 00:02:15.719987,0.8,0.017,10,3,69,3,0.007480061613403,0.05258922851562218,0.7,COMPLETE
14,0.8861375075392155,2024-02-18 19:32:28.534350,2024-02-18 19:34:55.444120,0 days 00:02:26.909770,0.8,0.017,10,6,77,62,0.00796783969524977,0.245372449918111,1.0,COMPLETE
15,0.8950614786352117,2024-02-18 19:34:55.444987,2024-02-18 19:37:06.049645,0 days 00:02:10.604658,1.0,0.017,10,37,79,591,0.009936885970223895,0.2909069682566907,1.0,COMPLETE
16,0.902033224153023,2024-02-18 19:37:06.053636,2024-02-18 19:39:12.931029,0 days 00:02:06.877393,0.8,0.014,10,111,98,17,0.1503530018031343,0.5253664371400398,1.0,COMPLETE
17,0.890009892371026,2024-02-18 19:39:12.931872,2024-02-18 19:43:16.244491,0 days 00:04:03.312619,0.8,0.008,10,43,46,403,0.2709705511468328,2.7915608028066003,1.0,COMPLETE
18,0.9221175056854307,2024-02-18 19:43:16.245556,2024-02-18 19:47:28.981694,0 days 00:04:12.736138,0.8,0.008,10,196,44,393,0.44737956113647737,7.531214519832272,0.5,COMPLETE
19,0.8928586846907044,2024-02-18 19:47:28.982946,2024-02-18 19:51:28.691805,0 days 00:03:59.708859,0.7,0.008,10,55,38,103,0.12469804552948961,2.2269733738394693,0.6,COMPLETE
20,0.9160073845917646,2024-02-18 19:51:28.693777,2024-02-18 19:53:54.451170,0 days 00:02:25.757393,0.6,0.017,10,110,20,651,0.0033835718485260903,2.9742829561629534,0.4,COMPLETE
21,0.893895624123781,2024-02-18 19:53:54.452270,2024-02-18 20:00:51.694665,0 days 00:06:57.242395,0.8,0.006,10,25,76,328,0.02794185437271345,0.05925973572402391,1.0,COMPLETE
22,0.9133579614213012,2024-02-18 20:00:51.695808,2024-02-18 20:19:25.194804,0 days 00:18:33.498996,0.8,0.008,10,1,57,500,0.09338748562124664,0.4235098467734831,1.0,COMPLETE
23,0.8945244934727115,2024-02-18 20:19:25.195819,2024-02-18 20:25:17.121496,0 days 00:05:51.925677,0.8,0.006,10,47,71,684,0.04400234962218629,0.007998726648446535,1.0,COMPLETE
24,0.896453673515088,2024-02-18 20:25:17.123723,2024-02-18 20:27:10.522166,0 days 00:01:53.398443,1.0,0.017,10,83,87,407,0.017058263277190202,0.10802672099488683,1.0,COMPLETE
25,0.9123286001589541,2024-02-18 20:27:10.523280,2024-02-18 20:34:08.001492,0 days 00:06:57.478212,0.5,0.008,10,29,47,147,0.3672372276538769,0.7608798049263741,1.0,COMPLETE
26,0.8980083266634845,2024-02-18 20:34:08.002535,2024-02-18 20:36:26.285544,0 days 00:02:18.283009,0.8,0.014,10,105,58,309,0.004980102842458566,4.173189664194632,1.0,COMPLETE
27,0.8963275576509002,2024-02-18 20:36:26.286554,2024-02-18 20:38:18.831610,0 days 00:01:52.545056,0.8,0.02,10,64,40,510,0.18420936750317332,0.0645773702872274,1.0,COMPLETE
28,0.9221477878031429,2024-02-18 20:38:18.832683,2024-02-18 20:43:54.954054,0 days 00:05:36.121371,0.8,0.006,10,183,70,605,0.9388730945099932,0.2628080012966368,0.6,COMPLETE
29,0.922780636910631,2024-02-18 20:43:54.956173,2024-02-18 20:47:07.369746,0 days 00:03:12.413573,0.5,0.02,20,18,91,99,0.014152301154820668,0.010734887430155096,1.0,COMPLETE
30,0.9276691875020867,2024-02-18 20:47:07.370827,2024-02-18 20:49:36.180238,0 days 00:02:28.809411,0.8,0.017,20,211,78,729,0.06208719380589387,1.2815078014031063,0.5,COMPLETE
31,0.89040315964328,2024-02-18 20:49:36.181078,2024-02-18 20:53:17.702086,0 days 00:03:41.521008,0.7,0.008,10,50,41,52,0.11091596149093248,2.179423063501686,0.6,COMPLETE
32,0.8901117977842509,2024-02-18 20:53:17.703067,2024-02-18 20:57:33.227557,0 days 00:04:15.524490,0.7,0.008,10,41,52,73,0.5613949182325632,4.647258230542829,0.6,COMPLETE
33,0.8832772878250491,2024-02-18 20:57:33.228643,2024-02-18 21:03:43.507801,0 days 00:06:10.279158,0.7,0.008,10,1,35,65,0.5538674094865402,5.885354785470161,0.6,COMPLETE
34,0.8887193378133448,2024-02-18 21:03:43.508961,2024-02-18 21:15:10.809133,0 days 00:11:27.300172,0.7,0.008,10,5,34,255,2.138793972571692,9.5219782657102,0.6,COMPLETE
35,0.8967867520066318,2024-02-18 21:15:10.810364,2024-02-18 21:31:00.930875,0 days 00:15:50.120511,0.7,0.008,20,1,23,260,1.9837628448363085,6.795572489331117,0.6,COMPLETE
36,0.8843368556713672,2024-02-18 21:31:00.932057,2024-02-18 21:39:37.905888,0 days 00:08:36.973831,0.7,0.008,10,11,2,185,6.712238163926074,9.062503240217424,0.4,COMPLETE
37,0.8836508135408343,2024-02-18 21:39:37.906893,2024-02-18 21:47:43.320287,0 days 00:08:05.413394,0.7,0.008,10,16,2,193,9.938856412549601,9.097130830626572,0.4,COMPLETE
38,0.8836364249645626,2024-02-18 21:47:43.321326,2024-02-18 21:55:56.162903,0 days 00:08:12.841577,0.7,0.008,20,26,5,173,8.97986669415117,4.548926678402188,0.4,COMPLETE
39,0.9483229171321882,2024-02-18 21:55:56.163931,2024-02-18 22:03:33.811873,0 days 00:07:37.647942,0.7,0.008,20,293,5,190,9.88476666049867,9.886576749318502,0.4,COMPLETE
40,0.9327247676145869,2024-02-18 22:03:33.812811,2024-02-18 22:10:02.780661,0 days 00:06:28.967850,0.7,0.008,20,237,1,154,4.717250854416643,4.589701195162889,0.4,COMPLETE
41,0.8861918458827707,2024-02-18 22:10:02.782812,2024-02-18 22:18:14.974810,0 days 00:08:12.191998,0.7,0.008,20,19,12,152,5.082439123128468,1.339093762588264,0.4,COMPLETE
42,0.884810162143014,2024-02-18 22:18:14.975925,2024-02-18 22:27:23.410233,0 days 00:09:08.434308,0.7,0.008,20,17,15,191,9.075466602837386,5.169112907327113,0.4,COMPLETE
43,0.8883483039897351,2024-02-18 22:27:23.411272,2024-02-18 22:34:03.459003,0 days 00:06:40.047731,0.7,0.008,20,65,15,206,9.89692868815985,4.863068650463334,0.4,COMPLETE
44,0.8880663724359912,2024-02-18 22:34:03.461153,2024-02-18 22:43:44.348182,0 days 00:09:40.887029,0.7,0.008,20,20,8,283,2.7500874686704613,3.3177785790655356,0.4,COMPLETE
45,1.0332786769565898,2024-02-18 22:43:44.349437,2024-02-18 23:10:03.195236,0 days 00:26:18.845799,0.3,0.008,20,33,1,225,4.326723578215594,5.7420614740868645,0.4,COMPLETE
46,0.8885858276973922,2024-02-18 23:10:03.196566,2024-02-18 23:16:13.548903,0 days 00:06:10.352337,0.7,0.008,100,68,18,130,6.91723999631028,1.9551494139375114,0.4,COMPLETE
47,0.9278767487778494,2024-02-18 23:16:13.550114,2024-02-18 23:19:26.908785,0 days 00:03:13.358671,0.4,0.02,20,90,10,185,1.4665167211280503,0.9305935415925852,0.4,COMPLETE
48,0.8873220166778997,2024-02-18 23:19:26.909750,2024-02-18 23:28:50.651582,0 days 00:09:23.741832,0.7,0.01,20,16,5,344,3.081332257703126,9.377088463339437,0.4,COMPLETE
49,0.9030462524566581,2024-02-18 23:28:50.652705,2024-02-18 23:34:51.209070,0 days 00:06:00.556365,0.7,0.008,100,129,27,247,7.420003728267665,6.46725371254327,0.4,COMPLETE
